{"C:\\Users\\MATEUSCAMARGO\\Documents\\PROJECT_CLIMA_USERS\\backend\\src\\controllers\\userController.ts": {"path":"C:\\Users\\MATEUSCAMARGO\\Documents\\PROJECT_CLIMA_USERS\\backend\\src\\controllers\\userController.ts","statementMap":{"0":{"start":{"line":2,"column":0},"end":{"line":2,"column":39}},"1":{"start":{"line":3,"column":0},"end":{"line":3,"column":36}},"2":{"start":{"line":5,"column":26},"end":{"line":30,"column":2}},"3":{"start":{"line":5,"column":64},"end":{"line":30,"column":2}},"4":{"start":{"line":6,"column":26},"end":{"line":6,"column":34}},"5":{"start":{"line":8,"column":2},"end":{"line":11,"column":3}},"6":{"start":{"line":9,"column":4},"end":{"line":9,"column":71}},"7":{"start":{"line":10,"column":4},"end":{"line":10,"column":11}},"8":{"start":{"line":13,"column":2},"end":{"line":29,"column":3}},"9":{"start":{"line":14,"column":23},"end":{"line":14,"column":40}},"10":{"start":{"line":15,"column":15},"end":{"line":15,"column":23}},"11":{"start":{"line":17,"column":4},"end":{"line":20,"column":6}},"12":{"start":{"line":22,"column":4},"end":{"line":22,"column":46}},"13":{"start":{"line":24,"column":4},"end":{"line":28,"column":5}},"14":{"start":{"line":25,"column":6},"end":{"line":25,"column":64}},"15":{"start":{"line":27,"column":6},"end":{"line":27,"column":79}},"16":{"start":{"line":5,"column":13},"end":{"line":5,"column":26}},"17":{"start":{"line":32,"column":24},"end":{"line":105,"column":2}},"18":{"start":{"line":32,"column":62},"end":{"line":105,"column":2}},"19":{"start":{"line":33,"column":52},"end":{"line":33,"column":61}},"20":{"start":{"line":35,"column":21},"end":{"line":35,"column":49}},"21":{"start":{"line":36,"column":22},"end":{"line":36,"column":51}},"22":{"start":{"line":38,"column":2},"end":{"line":49,"column":3}},"23":{"start":{"line":44,"column":4},"end":{"line":46,"column":7}},"24":{"start":{"line":48,"column":4},"end":{"line":48,"column":11}},"25":{"start":{"line":51,"column":2},"end":{"line":104,"column":3}},"26":{"start":{"line":52,"column":23},"end":{"line":52,"column":40}},"27":{"start":{"line":54,"column":16},"end":{"line":54,"column":47}},"28":{"start":{"line":55,"column":26},"end":{"line":55,"column":28}},"29":{"start":{"line":57,"column":4},"end":{"line":60,"column":5}},"30":{"start":{"line":58,"column":6},"end":{"line":58,"column":34}},"31":{"start":{"line":59,"column":6},"end":{"line":59,"column":31}},"32":{"start":{"line":62,"column":4},"end":{"line":65,"column":5}},"33":{"start":{"line":63,"column":6},"end":{"line":63,"column":35}},"34":{"start":{"line":64,"column":6},"end":{"line":64,"column":32}},"35":{"start":{"line":67,"column":19},"end":{"line":67,"column":49}},"36":{"start":{"line":69,"column":4},"end":{"line":69,"column":33}},"37":{"start":{"line":70,"column":4},"end":{"line":70,"column":37}},"38":{"start":{"line":72,"column":19},"end":{"line":72,"column":58}},"39":{"start":{"line":74,"column":21},"end":{"line":74,"column":68}},"40":{"start":{"line":75,"column":31},"end":{"line":75,"column":33}},"41":{"start":{"line":77,"column":4},"end":{"line":80,"column":5}},"42":{"start":{"line":78,"column":6},"end":{"line":78,"column":39}},"43":{"start":{"line":79,"column":6},"end":{"line":79,"column":36}},"44":{"start":{"line":82,"column":4},"end":{"line":85,"column":5}},"45":{"start":{"line":83,"column":6},"end":{"line":83,"column":40}},"46":{"start":{"line":84,"column":6},"end":{"line":84,"column":37}},"47":{"start":{"line":87,"column":31},"end":{"line":89,"column":null}},"48":{"start":{"line":91,"column":18},"end":{"line":91,"column":38}},"49":{"start":{"line":93,"column":4},"end":{"line":101,"column":7}},"50":{"start":{"line":103,"column":4},"end":{"line":103,"column":66}},"51":{"start":{"line":32,"column":13},"end":{"line":32,"column":24}},"52":{"start":{"line":107,"column":27},"end":{"line":128,"column":2}},"53":{"start":{"line":107,"column":65},"end":{"line":128,"column":2}},"54":{"start":{"line":108,"column":17},"end":{"line":108,"column":27}},"55":{"start":{"line":110,"column":2},"end":{"line":127,"column":3}},"56":{"start":{"line":111,"column":23},"end":{"line":111,"column":40}},"57":{"start":{"line":112,"column":19},"end":{"line":114,"column":null}},"58":{"start":{"line":117,"column":17},"end":{"line":117,"column":53}},"59":{"start":{"line":119,"column":4},"end":{"line":122,"column":5}},"60":{"start":{"line":120,"column":6},"end":{"line":120,"column":67}},"61":{"start":{"line":121,"column":6},"end":{"line":121,"column":13}},"62":{"start":{"line":124,"column":4},"end":{"line":124,"column":19}},"63":{"start":{"line":126,"column":4},"end":{"line":126,"column":65}},"64":{"start":{"line":107,"column":13},"end":{"line":107,"column":27}},"65":{"start":{"line":130,"column":26},"end":{"line":158,"column":2}},"66":{"start":{"line":130,"column":64},"end":{"line":158,"column":2}},"67":{"start":{"line":131,"column":17},"end":{"line":131,"column":27}},"68":{"start":{"line":132,"column":26},"end":{"line":132,"column":34}},"69":{"start":{"line":134,"column":2},"end":{"line":137,"column":3}},"70":{"start":{"line":135,"column":4},"end":{"line":135,"column":72}},"71":{"start":{"line":136,"column":4},"end":{"line":136,"column":11}},"72":{"start":{"line":139,"column":2},"end":{"line":157,"column":3}},"73":{"start":{"line":140,"column":23},"end":{"line":140,"column":40}},"74":{"start":{"line":142,"column":26},"end":{"line":144,"column":null}},"75":{"start":{"line":147,"column":4},"end":{"line":150,"column":5}},"76":{"start":{"line":148,"column":6},"end":{"line":148,"column":67}},"77":{"start":{"line":149,"column":6},"end":{"line":149,"column":13}},"78":{"start":{"line":152,"column":4},"end":{"line":152,"column":34}},"79":{"start":{"line":154,"column":4},"end":{"line":156,"column":77}},"80":{"start":{"line":130,"column":13},"end":{"line":130,"column":26}},"81":{"start":{"line":160,"column":26},"end":{"line":180,"column":2}},"82":{"start":{"line":160,"column":64},"end":{"line":180,"column":2}},"83":{"start":{"line":161,"column":17},"end":{"line":161,"column":27}},"84":{"start":{"line":163,"column":2},"end":{"line":179,"column":3}},"85":{"start":{"line":164,"column":23},"end":{"line":164,"column":40}},"86":{"start":{"line":166,"column":26},"end":{"line":168,"column":null}},"87":{"start":{"line":171,"column":4},"end":{"line":174,"column":5}},"88":{"start":{"line":172,"column":6},"end":{"line":172,"column":67}},"89":{"start":{"line":173,"column":6},"end":{"line":173,"column":13}},"90":{"start":{"line":176,"column":4},"end":{"line":176,"column":59}},"91":{"start":{"line":178,"column":4},"end":{"line":178,"column":66}},"92":{"start":{"line":160,"column":13},"end":{"line":160,"column":26}}},"fnMap":{"0":{"name":"(anonymous_8)","decl":{"start":{"line":5,"column":26},"end":{"line":5,"column":33}},"loc":{"start":{"line":5,"column":64},"end":{"line":30,"column":2}}},"1":{"name":"(anonymous_9)","decl":{"start":{"line":5,"column":64},"end":{"line":5,"column":null}},"loc":{"start":{"line":5,"column":64},"end":{"line":30,"column":1}}},"2":{"name":"(anonymous_10)","decl":{"start":{"line":32,"column":24},"end":{"line":32,"column":31}},"loc":{"start":{"line":32,"column":62},"end":{"line":105,"column":2}}},"3":{"name":"(anonymous_11)","decl":{"start":{"line":32,"column":62},"end":{"line":32,"column":null}},"loc":{"start":{"line":32,"column":62},"end":{"line":105,"column":1}}},"4":{"name":"(anonymous_12)","decl":{"start":{"line":107,"column":27},"end":{"line":107,"column":34}},"loc":{"start":{"line":107,"column":65},"end":{"line":128,"column":2}}},"5":{"name":"(anonymous_13)","decl":{"start":{"line":107,"column":65},"end":{"line":107,"column":null}},"loc":{"start":{"line":107,"column":65},"end":{"line":128,"column":1}}},"6":{"name":"(anonymous_14)","decl":{"start":{"line":130,"column":26},"end":{"line":130,"column":33}},"loc":{"start":{"line":130,"column":64},"end":{"line":158,"column":2}}},"7":{"name":"(anonymous_15)","decl":{"start":{"line":130,"column":64},"end":{"line":130,"column":null}},"loc":{"start":{"line":130,"column":64},"end":{"line":158,"column":1}}},"8":{"name":"(anonymous_16)","decl":{"start":{"line":160,"column":26},"end":{"line":160,"column":33}},"loc":{"start":{"line":160,"column":64},"end":{"line":180,"column":2}}},"9":{"name":"(anonymous_17)","decl":{"start":{"line":160,"column":64},"end":{"line":160,"column":null}},"loc":{"start":{"line":160,"column":64},"end":{"line":180,"column":1}}}},"branchMap":{"0":{"loc":{"start":{"line":8,"column":2},"end":{"line":11,"column":3}},"type":"if","locations":[{"start":{"line":8,"column":2},"end":{"line":11,"column":3}},{"start":{},"end":{}}]},"1":{"loc":{"start":{"line":8,"column":6},"end":{"line":8,"column":21}},"type":"binary-expr","locations":[{"start":{"line":8,"column":6},"end":{"line":8,"column":11}},{"start":{"line":8,"column":15},"end":{"line":8,"column":21}}]},"2":{"loc":{"start":{"line":24,"column":4},"end":{"line":28,"column":5}},"type":"if","locations":[{"start":{"line":24,"column":4},"end":{"line":28,"column":5}},{"start":{"line":26,"column":11},"end":{"line":28,"column":5}}]},"3":{"loc":{"start":{"line":33,"column":23},"end":{"line":33,"column":33}},"type":"default-arg","locations":[{"start":{"line":33,"column":30},"end":{"line":33,"column":33}}]},"4":{"loc":{"start":{"line":33,"column":35},"end":{"line":33,"column":47}},"type":"default-arg","locations":[{"start":{"line":33,"column":43},"end":{"line":33,"column":47}}]},"5":{"loc":{"start":{"line":38,"column":2},"end":{"line":49,"column":3}},"type":"if","locations":[{"start":{"line":38,"column":2},"end":{"line":49,"column":3}},{"start":{},"end":{}}]},"6":{"loc":{"start":{"line":39,"column":4},"end":{"line":42,"column":19}},"type":"binary-expr","locations":[{"start":{"line":39,"column":4},"end":{"line":39,"column":21}},{"start":{"line":40,"column":4},"end":{"line":40,"column":18}},{"start":{"line":41,"column":4},"end":{"line":41,"column":22}},{"start":{"line":42,"column":4},"end":{"line":42,"column":19}}]},"7":{"loc":{"start":{"line":57,"column":4},"end":{"line":60,"column":5}},"type":"if","locations":[{"start":{"line":57,"column":4},"end":{"line":60,"column":5}},{"start":{},"end":{}}]},"8":{"loc":{"start":{"line":62,"column":4},"end":{"line":65,"column":5}},"type":"if","locations":[{"start":{"line":62,"column":4},"end":{"line":65,"column":5}},{"start":{},"end":{}}]},"9":{"loc":{"start":{"line":77,"column":4},"end":{"line":80,"column":5}},"type":"if","locations":[{"start":{"line":77,"column":4},"end":{"line":80,"column":5}},{"start":{},"end":{}}]},"10":{"loc":{"start":{"line":82,"column":4},"end":{"line":85,"column":5}},"type":"if","locations":[{"start":{"line":82,"column":4},"end":{"line":85,"column":5}},{"start":{},"end":{}}]},"11":{"loc":{"start":{"line":117,"column":17},"end":{"line":117,"column":53}},"type":"cond-expr","locations":[{"start":{"line":117,"column":39},"end":{"line":117,"column":46}},{"start":{"line":117,"column":49},"end":{"line":117,"column":53}}]},"12":{"loc":{"start":{"line":119,"column":4},"end":{"line":122,"column":5}},"type":"if","locations":[{"start":{"line":119,"column":4},"end":{"line":122,"column":5}},{"start":{},"end":{}}]},"13":{"loc":{"start":{"line":134,"column":2},"end":{"line":137,"column":3}},"type":"if","locations":[{"start":{"line":134,"column":2},"end":{"line":137,"column":3}},{"start":{},"end":{}}]},"14":{"loc":{"start":{"line":134,"column":6},"end":{"line":134,"column":21}},"type":"binary-expr","locations":[{"start":{"line":134,"column":6},"end":{"line":134,"column":11}},{"start":{"line":134,"column":15},"end":{"line":134,"column":21}}]},"15":{"loc":{"start":{"line":147,"column":4},"end":{"line":150,"column":5}},"type":"if","locations":[{"start":{"line":147,"column":4},"end":{"line":150,"column":5}},{"start":{},"end":{}}]},"16":{"loc":{"start":{"line":171,"column":4},"end":{"line":174,"column":5}},"type":"if","locations":[{"start":{"line":171,"column":4},"end":{"line":174,"column":5}},{"start":{},"end":{}}]}},"s":{"0":1,"1":1,"2":1,"3":2,"4":2,"5":2,"6":0,"7":0,"8":2,"9":2,"10":2,"11":2,"12":1,"13":1,"14":1,"15":0,"16":1,"17":1,"18":1,"19":1,"20":1,"21":1,"22":1,"23":0,"24":0,"25":1,"26":1,"27":1,"28":1,"29":1,"30":1,"31":1,"32":1,"33":0,"34":0,"35":1,"36":1,"37":1,"38":1,"39":1,"40":1,"41":1,"42":1,"43":1,"44":1,"45":0,"46":0,"47":1,"48":1,"49":1,"50":0,"51":1,"52":1,"53":1,"54":1,"55":1,"56":1,"57":1,"58":1,"59":1,"60":0,"61":0,"62":1,"63":0,"64":1,"65":1,"66":0,"67":0,"68":0,"69":0,"70":0,"71":0,"72":0,"73":0,"74":0,"75":0,"76":0,"77":0,"78":0,"79":0,"80":1,"81":1,"82":0,"83":0,"84":0,"85":0,"86":0,"87":0,"88":0,"89":0,"90":0,"91":0,"92":1},"f":{"0":2,"1":2,"2":1,"3":1,"4":1,"5":1,"6":0,"7":0,"8":0,"9":0},"b":{"0":[0,2],"1":[2,2],"2":[1,0],"3":[1],"4":[1],"5":[0,1],"6":[1,1,1,1],"7":[1,0],"8":[0,1],"9":[1,0],"10":[0,1],"11":[1,0],"12":[0,1],"13":[0,0],"14":[0,0],"15":[0,0],"16":[0,0]}}
,"C:\\Users\\MATEUSCAMARGO\\Documents\\PROJECT_CLIMA_USERS\\backend\\src\\controllers\\weatherController.ts": {"path":"C:\\Users\\MATEUSCAMARGO\\Documents\\PROJECT_CLIMA_USERS\\backend\\src\\controllers\\weatherController.ts","statementMap":{"0":{"start":{"line":2,"column":0},"end":{"line":2,"column":26}},"1":{"start":{"line":3,"column":0},"end":{"line":3,"column":35}},"2":{"start":{"line":4,"column":0},"end":{"line":4,"column":28}},"3":{"start":{"line":7,"column":0},"end":{"line":7,"column":16}},"4":{"start":{"line":9,"column":14},"end":{"line":9,"column":44}},"5":{"start":{"line":11,"column":32},"end":{"line":46,"column":2}},"6":{"start":{"line":11,"column":70},"end":{"line":46,"column":2}},"7":{"start":{"line":12,"column":19},"end":{"line":12,"column":29}},"8":{"start":{"line":13,"column":17},"end":{"line":13,"column":44}},"9":{"start":{"line":15,"column":2},"end":{"line":18,"column":3}},"10":{"start":{"line":16,"column":4},"end":{"line":16,"column":74}},"11":{"start":{"line":17,"column":4},"end":{"line":17,"column":11}},"12":{"start":{"line":20,"column":19},"end":{"line":20,"column":50}},"13":{"start":{"line":21,"column":21},"end":{"line":21,"column":40}},"14":{"start":{"line":23,"column":2},"end":{"line":26,"column":3}},"15":{"start":{"line":24,"column":4},"end":{"line":24,"column":49}},"16":{"start":{"line":25,"column":4},"end":{"line":25,"column":11}},"17":{"start":{"line":28,"column":2},"end":{"line":45,"column":3}},"18":{"start":{"line":29,"column":21},"end":{"line":37,"column":6}},"19":{"start":{"line":39,"column":17},"end":{"line":39,"column":30}},"20":{"start":{"line":40,"column":4},"end":{"line":40,"column":30}},"21":{"start":{"line":42,"column":4},"end":{"line":42,"column":38}},"22":{"start":{"line":44,"column":4},"end":{"line":44,"column":93}},"23":{"start":{"line":11,"column":13},"end":{"line":11,"column":32}}},"fnMap":{"0":{"name":"(anonymous_8)","decl":{"start":{"line":11,"column":32},"end":{"line":11,"column":39}},"loc":{"start":{"line":11,"column":70},"end":{"line":46,"column":2}}},"1":{"name":"(anonymous_9)","decl":{"start":{"line":11,"column":70},"end":{"line":11,"column":null}},"loc":{"start":{"line":11,"column":70},"end":{"line":46,"column":1}}}},"branchMap":{"0":{"loc":{"start":{"line":15,"column":2},"end":{"line":18,"column":3}},"type":"if","locations":[{"start":{"line":15,"column":2},"end":{"line":18,"column":3}},{"start":{},"end":{}}]},"1":{"loc":{"start":{"line":15,"column":6},"end":{"line":15,"column":22}},"type":"binary-expr","locations":[{"start":{"line":15,"column":6},"end":{"line":15,"column":11}},{"start":{"line":15,"column":15},"end":{"line":15,"column":22}}]},"2":{"loc":{"start":{"line":23,"column":2},"end":{"line":26,"column":3}},"type":"if","locations":[{"start":{"line":23,"column":2},"end":{"line":26,"column":3}},{"start":{},"end":{}}]}},"s":{"0":1,"1":1,"2":1,"3":1,"4":1,"5":1,"6":4,"7":4,"8":4,"9":4,"10":0,"11":0,"12":4,"13":4,"14":4,"15":1,"16":1,"17":3,"18":3,"19":2,"20":2,"21":2,"22":1,"23":1},"f":{"0":4,"1":4},"b":{"0":[0,4],"1":[4,4],"2":[1,3]}}
,"C:\\Users\\MATEUSCAMARGO\\Documents\\PROJECT_CLIMA_USERS\\backend\\src\\database\\db.ts": {"path":"C:\\Users\\MATEUSCAMARGO\\Documents\\PROJECT_CLIMA_USERS\\backend\\src\\database\\db.ts","statementMap":{"0":{"start":{"line":1,"column":0},"end":{"line":1,"column":35}},"1":{"start":{"line":2,"column":0},"end":{"line":2,"column":28}},"2":{"start":{"line":4,"column":0},"end":{"line":6,"column":3}},"3":{"start":{"line":8,"column":18},"end":{"line":18,"column":2}},"4":{"start":{"line":8,"column":29},"end":{"line":18,"column":2}},"5":{"start":{"line":9,"column":21},"end":{"line":15,"column":4}},"6":{"start":{"line":17,"column":2},"end":{"line":17,"column":20}},"7":{"start":{"line":20,"column":0},"end":{"line":20,"column":25}}},"fnMap":{"0":{"name":"(anonymous_8)","decl":{"start":{"line":8,"column":18},"end":{"line":8,"column":27}},"loc":{"start":{"line":8,"column":29},"end":{"line":18,"column":2}}},"1":{"name":"(anonymous_9)","decl":{"start":{"line":8,"column":29},"end":{"line":8,"column":null}},"loc":{"start":{"line":8,"column":29},"end":{"line":18,"column":1}}}},"branchMap":{"0":{"loc":{"start":{"line":5,"column":8},"end":{"line":5,"column":62}},"type":"cond-expr","locations":[{"start":{"line":5,"column":42},"end":{"line":5,"column":53}},{"start":{"line":5,"column":56},"end":{"line":5,"column":62}}]}},"s":{"0":1,"1":1,"2":1,"3":1,"4":5,"5":5,"6":5,"7":1},"f":{"0":5,"1":5},"b":{"0":[1,0]}}
,"C:\\Users\\MATEUSCAMARGO\\Documents\\PROJECT_CLIMA_USERS\\backend\\src\\database\\setup.ts": {"path":"C:\\Users\\MATEUSCAMARGO\\Documents\\PROJECT_CLIMA_USERS\\backend\\src\\database\\setup.ts","statementMap":{"0":{"start":{"line":1,"column":0},"end":{"line":1,"column":29}},"1":{"start":{"line":3,"column":22},"end":{"line":15,"column":2}},"2":{"start":{"line":3,"column":33},"end":{"line":15,"column":2}},"3":{"start":{"line":4,"column":21},"end":{"line":4,"column":38}},"4":{"start":{"line":6,"column":2},"end":{"line":11,"column":8}},"5":{"start":{"line":13,"column":4},"end":{"line":13,"column":42}},"6":{"start":{"line":14,"column":4},"end":{"line":14,"column":27}},"7":{"start":{"line":17,"column":0},"end":{"line":17,"column":29}}},"fnMap":{"0":{"name":"(anonymous_8)","decl":{"start":{"line":3,"column":22},"end":{"line":3,"column":31}},"loc":{"start":{"line":3,"column":33},"end":{"line":15,"column":2}}},"1":{"name":"(anonymous_9)","decl":{"start":{"line":3,"column":33},"end":{"line":3,"column":null}},"loc":{"start":{"line":3,"column":33},"end":{"line":15,"column":1}}}},"branchMap":{},"s":{"0":1,"1":1,"2":1,"3":1,"4":1,"5":1,"6":1,"7":1},"f":{"0":1,"1":1},"b":{}}
,"C:\\Users\\MATEUSCAMARGO\\Documents\\PROJECT_CLIMA_USERS\\backend\\src\\routes\\userRoutes.ts": {"path":"C:\\Users\\MATEUSCAMARGO\\Documents\\PROJECT_CLIMA_USERS\\backend\\src\\routes\\userRoutes.ts","statementMap":{"0":{"start":{"line":1,"column":0},"end":{"line":1,"column":33}},"1":{"start":{"line":2,"column":0},"end":{"line":2,"column":null}},"2":{"start":{"line":10,"column":19},"end":{"line":10,"column":27}},"3":{"start":{"line":12,"column":0},"end":{"line":12,"column":33}},"4":{"start":{"line":13,"column":0},"end":{"line":13,"column":30}},"5":{"start":{"line":14,"column":0},"end":{"line":14,"column":36}},"6":{"start":{"line":15,"column":0},"end":{"line":15,"column":35}},"7":{"start":{"line":16,"column":0},"end":{"line":16,"column":38}},"8":{"start":{"line":18,"column":0},"end":{"line":18,"column":26}}},"fnMap":{},"branchMap":{},"s":{"0":1,"1":1,"2":1,"3":1,"4":1,"5":1,"6":1,"7":1,"8":1},"f":{},"b":{}}
,"C:\\Users\\MATEUSCAMARGO\\Documents\\PROJECT_CLIMA_USERS\\backend\\src\\routes\\weatherRoutes.ts": {"path":"C:\\Users\\MATEUSCAMARGO\\Documents\\PROJECT_CLIMA_USERS\\backend\\src\\routes\\weatherRoutes.ts","statementMap":{"0":{"start":{"line":1,"column":0},"end":{"line":1,"column":33}},"1":{"start":{"line":2,"column":0},"end":{"line":2,"column":68}},"2":{"start":{"line":4,"column":22},"end":{"line":4,"column":30}},"3":{"start":{"line":6,"column":0},"end":{"line":6,"column":46}},"4":{"start":{"line":8,"column":0},"end":{"line":8,"column":29}}},"fnMap":{},"branchMap":{},"s":{"0":1,"1":1,"2":1,"3":1,"4":1},"f":{},"b":{}}
}
