TN:
SF:src\controllers\userController.ts
FN:5,(anonymous_8)
FN:5,(anonymous_9)
FN:32,(anonymous_10)
FN:32,(anonymous_11)
FN:107,(anonymous_12)
FN:107,(anonymous_13)
FN:130,(anonymous_14)
FN:130,(anonymous_15)
FN:160,(anonymous_16)
FN:160,(anonymous_17)
FNF:10
FNH:6
FNDA:2,(anonymous_8)
FNDA:2,(anonymous_9)
FNDA:1,(anonymous_10)
FNDA:1,(anonymous_11)
FNDA:1,(anonymous_12)
FNDA:1,(anonymous_13)
FNDA:0,(anonymous_14)
FNDA:0,(anonymous_15)
FNDA:0,(anonymous_16)
FNDA:0,(anonymous_17)
DA:2,1
DA:3,1
DA:5,2
DA:6,2
DA:8,2
DA:9,0
DA:10,0
DA:13,2
DA:14,2
DA:15,2
DA:17,2
DA:22,1
DA:24,1
DA:25,1
DA:27,0
DA:32,1
DA:33,1
DA:35,1
DA:36,1
DA:38,1
DA:44,0
DA:48,0
DA:51,1
DA:52,1
DA:54,1
DA:55,1
DA:57,1
DA:58,1
DA:59,1
DA:62,1
DA:63,0
DA:64,0
DA:67,1
DA:69,1
DA:70,1
DA:72,1
DA:74,1
DA:75,1
DA:77,1
DA:78,1
DA:79,1
DA:82,1
DA:83,0
DA:84,0
DA:87,1
DA:91,1
DA:93,1
DA:103,0
DA:107,1
DA:108,1
DA:110,1
DA:111,1
DA:112,1
DA:117,1
DA:119,1
DA:120,0
DA:121,0
DA:124,1
DA:126,0
DA:130,1
DA:131,0
DA:132,0
DA:134,0
DA:135,0
DA:136,0
DA:139,0
DA:140,0
DA:142,0
DA:147,0
DA:148,0
DA:149,0
DA:152,0
DA:154,0
DA:160,1
DA:161,0
DA:163,0
DA:164,0
DA:166,0
DA:171,0
DA:172,0
DA:173,0
DA:176,0
DA:178,0
LF:83
LH:48
BRDA:8,0,0,0
BRDA:8,0,1,2
BRDA:8,1,0,2
BRDA:8,1,1,2
BRDA:24,2,0,1
BRDA:24,2,1,0
BRDA:33,3,0,1
BRDA:33,4,0,1
BRDA:38,5,0,0
BRDA:38,5,1,1
BRDA:39,6,0,1
BRDA:39,6,1,1
BRDA:39,6,2,1
BRDA:39,6,3,1
BRDA:57,7,0,1
BRDA:57,7,1,0
BRDA:62,8,0,0
BRDA:62,8,1,1
BRDA:77,9,0,1
BRDA:77,9,1,0
BRDA:82,10,0,0
BRDA:82,10,1,1
BRDA:117,11,0,1
BRDA:117,11,1,0
BRDA:119,12,0,0
BRDA:119,12,1,1
BRDA:134,13,0,0
BRDA:134,13,1,0
BRDA:134,14,0,0
BRDA:134,14,1,0
BRDA:147,15,0,0
BRDA:147,15,1,0
BRDA:171,16,0,0
BRDA:171,16,1,0
BRF:34
BRH:17
end_of_record
TN:
SF:src\controllers\weatherController.ts
FN:11,(anonymous_8)
FN:11,(anonymous_9)
FNF:2
FNH:2
FNDA:4,(anonymous_8)
FNDA:4,(anonymous_9)
DA:2,1
DA:3,1
DA:4,1
DA:7,1
DA:9,1
DA:11,4
DA:12,4
DA:13,4
DA:15,4
DA:16,0
DA:17,0
DA:20,4
DA:21,4
DA:23,4
DA:24,1
DA:25,1
DA:28,3
DA:29,3
DA:39,2
DA:40,2
DA:42,2
DA:44,1
LF:22
LH:20
BRDA:15,0,0,0
BRDA:15,0,1,4
BRDA:15,1,0,4
BRDA:15,1,1,4
BRDA:23,2,0,1
BRDA:23,2,1,3
BRF:6
BRH:5
end_of_record
TN:
SF:src\database\db.ts
FN:8,(anonymous_8)
FN:8,(anonymous_9)
FNF:2
FNH:2
FNDA:5,(anonymous_8)
FNDA:5,(anonymous_9)
DA:1,1
DA:2,1
DA:4,1
DA:8,5
DA:9,5
DA:17,5
DA:20,1
LF:7
LH:7
BRDA:5,0,0,1
BRDA:5,0,1,0
BRF:2
BRH:1
end_of_record
TN:
SF:src\database\setup.ts
FN:3,(anonymous_8)
FN:3,(anonymous_9)
FNF:2
FNH:2
FNDA:1,(anonymous_8)
FNDA:1,(anonymous_9)
DA:1,1
DA:3,1
DA:4,1
DA:6,1
DA:13,1
DA:14,1
DA:17,1
LF:7
LH:7
BRF:0
BRH:0
end_of_record
TN:
SF:src\routes\userRoutes.ts
FNF:0
FNH:0
DA:1,1
DA:2,1
DA:10,1
DA:12,1
DA:13,1
DA:14,1
DA:15,1
DA:16,1
DA:18,1
LF:9
LH:9
BRF:0
BRH:0
end_of_record
TN:
SF:src\routes\weatherRoutes.ts
FNF:0
FNH:0
DA:1,1
DA:2,1
DA:4,1
DA:6,1
DA:8,1
LF:5
LH:5
BRF:0
BRH:0
end_of_record
